<?xml version="1.0" encoding="UTF-8"?>
<testng-results ignored="0" total="1" passed="1" failed="0" skipped="0">
  <reporter-output>
  </reporter-output>
  <suite started-at="2019-12-26T07:56:54Z" name="Suite" finished-at="2019-12-26T07:57:03Z" duration-ms="9153">
    <groups>
    </groups>
    <test started-at="2019-12-26T07:56:54Z" name="Test" finished-at="2019-12-26T07:57:03Z" duration-ms="9153">
      <class name="Com.Btes.Com.btes.facebook.SecondMevenDemo">
        <test-method is-config="true" signature="Launch()[pri:0, instance:Com.Btes.Com.btes.facebook.SecondMevenDemo@17497425]" started-at="2019-12-26T07:56:48Z" name="Launch" finished-at="2019-12-26T07:56:54Z" duration-ms="5353" status="PASS">
          <reporter-output>
          </reporter-output>
        </test-method> <!-- Launch -->
        <test-method signature="Login()[pri:0, instance:Com.Btes.Com.btes.facebook.SecondMevenDemo@17497425]" started-at="2019-12-26T07:56:54Z" name="Login" finished-at="2019-12-26T07:57:03Z" duration-ms="9134" status="PASS">
          <reporter-output>
          </reporter-output>
        </test-method> <!-- Login -->
        <test-method is-config="true" signature="Lunch1()[pri:0, instance:Com.Btes.Com.btes.facebook.SecondMevenDemo@17497425]" started-at="2019-12-26T07:57:03Z" name="Lunch1" finished-at="2019-12-26T07:57:06Z" duration-ms="3079" status="PASS">
          <reporter-output>
          </reporter-output>
        </test-method> <!-- Lunch1 -->
      </class> <!-- Com.Btes.Com.btes.facebook.SecondMevenDemo -->
    </test> <!-- Test -->
  </suite> <!-- Suite -->
</testng-results>
