<?xml version="1.0" encoding="UTF-8"?>
<testng-results ignored="0" total="6" passed="6" failed="0" skipped="0">
  <reporter-output>
  </reporter-output>
  <suite started-at="2019-12-24T11:43:23 IST" name="Default suite" finished-at="2019-12-24T11:45:31 IST" duration-ms="128359">
    <groups>
    </groups>
    <test started-at="2019-12-24T11:43:23 IST" name="Default test" finished-at="2019-12-24T11:45:31 IST" duration-ms="128359">
      <class name="Excel_Utility.DataProviderReader">
        <test-method is-config="true" signature="launchApp()[pri:0, instance:Excel_Utility.DataProviderReader@2133814f]" started-at="2019-12-24T11:43:23 IST" name="launchApp" finished-at="2019-12-24T11:43:33 IST" duration-ms="10146" status="PASS">
          <reporter-output>
          </reporter-output>
        </test-method> <!-- launchApp -->
        <test-method signature="loginFun(java.lang.String, java.lang.String)[pri:0, instance:Excel_Utility.DataProviderReader@2133814f]" started-at="2019-12-24T11:43:35 IST" name="loginFun" data-provider="Login" finished-at="2019-12-24T11:44:03 IST" duration-ms="27517" status="PASS">
          <params>
            <param index="0">
              <value>
                <![CDATA[abc]]>
              </value>
            </param>
            <param index="1">
              <value>
                <![CDATA[abc]]>
              </value>
            </param>
          </params>
          <reporter-output>
          </reporter-output>
        </test-method> <!-- loginFun -->
        <test-method signature="loginFun(java.lang.String, java.lang.String)[pri:0, instance:Excel_Utility.DataProviderReader@2133814f]" started-at="2019-12-24T11:44:03 IST" name="loginFun" data-provider="Login" finished-at="2019-12-24T11:44:18 IST" duration-ms="15229" status="PASS">
          <params>
            <param index="0">
              <value>
                <![CDATA[abc]]>
              </value>
            </param>
            <param index="1">
              <value>
                <![CDATA[abc]]>
              </value>
            </param>
          </params>
          <reporter-output>
          </reporter-output>
        </test-method> <!-- loginFun -->
        <test-method signature="loginFun(java.lang.String, java.lang.String)[pri:0, instance:Excel_Utility.DataProviderReader@2133814f]" started-at="2019-12-24T11:44:18 IST" name="loginFun" data-provider="Login" finished-at="2019-12-24T11:44:38 IST" duration-ms="19522" status="PASS">
          <params>
            <param index="0">
              <value>
                <![CDATA[abc]]>
              </value>
            </param>
            <param index="1">
              <value>
                <![CDATA[abc]]>
              </value>
            </param>
          </params>
          <reporter-output>
          </reporter-output>
        </test-method> <!-- loginFun -->
        <test-method signature="loginFun(java.lang.String, java.lang.String)[pri:0, instance:Excel_Utility.DataProviderReader@2133814f]" started-at="2019-12-24T11:44:38 IST" name="loginFun" data-provider="Login" finished-at="2019-12-24T11:45:10 IST" duration-ms="31811" status="PASS">
          <params>
            <param index="0">
              <value>
                <![CDATA[xyz]]>
              </value>
            </param>
            <param index="1">
              <value>
                <![CDATA[abc]]>
              </value>
            </param>
          </params>
          <reporter-output>
          </reporter-output>
        </test-method> <!-- loginFun -->
        <test-method signature="loginFun(java.lang.String, java.lang.String)[pri:0, instance:Excel_Utility.DataProviderReader@2133814f]" started-at="2019-12-24T11:45:10 IST" name="loginFun" data-provider="Login" finished-at="2019-12-24T11:45:21 IST" duration-ms="11312" status="PASS">
          <params>
            <param index="0">
              <value>
                <![CDATA[vby]]>
              </value>
            </param>
            <param index="1">
              <value>
                <![CDATA[abc]]>
              </value>
            </param>
          </params>
          <reporter-output>
          </reporter-output>
        </test-method> <!-- loginFun -->
        <test-method signature="loginFun(java.lang.String, java.lang.String)[pri:0, instance:Excel_Utility.DataProviderReader@2133814f]" started-at="2019-12-24T11:45:21 IST" name="loginFun" data-provider="Login" finished-at="2019-12-24T11:45:31 IST" duration-ms="10179" status="PASS">
          <params>
            <param index="0">
              <value>
                <![CDATA[bnmb]]>
              </value>
            </param>
            <param index="1">
              <value>
                <![CDATA[abc]]>
              </value>
            </param>
          </params>
          <reporter-output>
          </reporter-output>
        </test-method> <!-- loginFun -->
      </class> <!-- Excel_Utility.DataProviderReader -->
    </test> <!-- Default test -->
  </suite> <!-- Default suite -->
</testng-results>
