<?xml version="1.0" encoding="UTF-8"?>
<!-- Generated by org.testng.reporters.JUnitXMLReporter -->
<testsuite ignored="0" hostname="LAPTOP-IH6E9MU2" failures="0" tests="6" name="Default test" time="128.359" errors="0" timestamp="2019-12-24T11:45:31 IST">
  <testcase classname="Excel_Utility.DataProviderReader" name="loginFun" time="27.517"/>
  <testcase classname="Excel_Utility.DataProviderReader" name="loginFun" time="15.229"/>
  <testcase classname="Excel_Utility.DataProviderReader" name="loginFun" time="19.522"/>
  <testcase classname="Excel_Utility.DataProviderReader" name="loginFun" time="31.811"/>
  <testcase classname="Excel_Utility.DataProviderReader" name="loginFun" time="11.312"/>
  <testcase classname="Excel_Utility.DataProviderReader" name="loginFun" time="10.179"/>
</testsuite> <!-- Default test -->
